# JRE version: Java(TM) SE Runtime Environment (8.0_101-b13) (build 1.8.0_101-b13)
# Java VM: Java HotSpot(TM) 64-Bit Server VM (25.101-b13 mixed mode windows-amd64 compressed oops)
Heap:
 PSYoungGen      total 227328K, used 26854K [0x00000000eab00000, 0x00000000f9a00000, 0x0000000100000000)
  eden space 210944K, 12% used [0x00000000eab00000,0x00000000ec539a08,0x00000000f7900000)
  from space 16384K, 0% used [0x00000000f8a00000,0x00000000f8a00000,0x00000000f9a00000)
  to   space 16896K, 0% used [0x00000000f7900000,0x00000000f7900000,0x00000000f8980000)
 ParOldGen       total 109056K, used 33718K [0x00000000c0000000, 0x00000000c6a80000, 0x00000000eab00000)
  object space 109056K, 30% used [0x00000000c0000000,0x00000000c20ed9c0,0x00000000c6a80000)
 Metaspace       used 52547K, capacity 55324K, committed 57000K, reserved 1097728K
  class space    used 6944K, capacity 7479K, committed 7848K, reserved 1048576K
GC Heap History (10 events):
Event: 4028.817 GC heap before
{Heap before GC invocations=50 (full 18):
 PSYoungGen      total 228864K, used 3399K [0x00000000eab00000, 0x00000000f9d00000, 0x0000000100000000)
  eden space 210944K, 0% used [0x00000000eab00000,0x00000000eab00000,0x00000000f7900000)
  from space 17920K, 18% used [0x00000000f8b80000,0x00000000f8ed1ea0,0x00000000f9d00000)
  to   space 18432K, 0% used [0x00000000f7900000,0x00000000f7900000,0x00000000f8b00000)
 ParOldGen       total 109056K, used 34448K [0x00000000c0000000, 0x00000000c6a80000, 0x00000000eab00000)
  object space 109056K, 31% used [0x00000000c0000000,0x00000000c21a43a0,0x00000000c6a80000)
 Metaspace       used 52324K, capacity 55006K, committed 57000K, reserved 1097728K
  class space    used 6912K, capacity 7426K, committed 7848K, reserved 1048576K
Event: 4029.028 GC heap after
Heap after GC invocations=50 (full 18):
 PSYoungGen      total 228864K, used 0K [0x00000000eab00000, 0x00000000f9d00000, 0x0000000100000000)
  eden space 210944K, 0% used [0x00000000eab00000,0x00000000eab00000,0x00000000f7900000)
  from space 17920K, 0% used [0x00000000f8b80000,0x00000000f8b80000,0x00000000f9d00000)
  to   space 18432K, 0% used [0x00000000f7900000,0x00000000f7900000,0x00000000f8b00000)
 ParOldGen       total 109056K, used 34468K [0x00000000c0000000, 0x00000000c6a80000, 0x00000000eab00000)
  object space 109056K, 31% used [0x00000000c0000000,0x00000000c21a9388,0x00000000c6a80000)
 Metaspace       used 52324K, capacity 55006K, committed 57000K, reserved 1097728K
  class space    used 6912K, capacity 7426K, committed 7848K, reserved 1048576K
}
Event: 4236.604 GC heap before
{Heap before GC invocations=51 (full 18):
 PSYoungGen      total 228864K, used 124643K [0x00000000eab00000, 0x00000000f9d00000, 0x0000000100000000)
  eden space 210944K, 59% used [0x00000000eab00000,0x00000000f24b8d18,0x00000000f7900000)
  from space 17920K, 0% used [0x00000000f8b80000,0x00000000f8b80000,0x00000000f9d00000)
  to   space 18432K, 0% used [0x00000000f7900000,0x00000000f7900000,0x00000000f8b00000)
 ParOldGen       total 109056K, used 34468K [0x00000000c0000000, 0x00000000c6a80000, 0x00000000eab00000)
  object space 109056K, 31% used [0x00000000c0000000,0x00000000c21a9388,0x00000000c6a80000)
 Metaspace       used 52427K, capacity 55252K, committed 57000K, reserved 1097728K
  class space    used 6935K, capacity 7467K, committed 7848K, reserved 1048576K
Event: 4236.610 GC heap after
Heap after GC invocations=51 (full 18):
 PSYoungGen      total 214528K, used 3447K [0x00000000eab00000, 0x00000000f9b00000, 0x0000000100000000)
  eden space 210944K, 0% used [0x00000000eab00000,0x00000000eab00000,0x00000000f7900000)
  from space 3584K, 96% used [0x00000000f7900000,0x00000000f7c5de90,0x00000000f7c80000)
  to   space 17408K, 0% used [0x00000000f8a00000,0x00000000f8a00000,0x00000000f9b00000)
 ParOldGen       total 109056K, used 34468K [0x00000000c0000000, 0x00000000c6a80000, 0x00000000eab00000)
  object space 109056K, 31% used [0x00000000c0000000,0x00000000c21a9388,0x00000000c6a80000)
 Metaspace       used 52427K, capacity 55252K, committed 57000K, reserved 1097728K
  class space    used 6935K, capacity 7467K, committed 7848K, reserved 1048576K
}
Event: 4236.610 GC heap before
{Heap before GC invocations=52 (full 19):
 PSYoungGen      total 214528K, used 3447K [0x00000000eab00000, 0x00000000f9b00000, 0x0000000100000000)
  eden space 210944K, 0% used [0x00000000eab00000,0x00000000eab00000,0x00000000f7900000)
  from space 3584K, 96% used [0x00000000f7900000,0x00000000f7c5de90,0x00000000f7c80000)
  to   space 17408K, 0% used [0x00000000f8a00000,0x00000000f8a00000,0x00000000f9b00000)
 ParOldGen       total 109056K, used 34468K [0x00000000c0000000, 0x00000000c6a80000, 0x00000000eab00000)
  object space 109056K, 31% used [0x00000000c0000000,0x00000000c21a9388,0x00000000c6a80000)
 Metaspace       used 52427K, capacity 55252K, committed 57000K, reserved 1097728K
  class space    used 6935K, capacity 7467K, committed 7848K, reserved 1048576K
Event: 4237.000 GC heap after
Heap after GC invocations=52 (full 19):
 PSYoungGen      total 214528K, used 0K [0x00000000eab00000, 0x00000000f9b00000, 0x0000000100000000)
  eden space 210944K, 0% used [0x00000000eab00000,0x00000000eab00000,0x00000000f7900000)
  from space 3584K, 0% used [0x00000000f7900000,0x00000000f7900000,0x00000000f7c80000)
  to   space 17408K, 0% used [0x00000000f8a00000,0x00000000f8a00000,0x00000000f9b00000)
 ParOldGen       total 109056K, used 33681K [0x00000000c0000000, 0x00000000c6a80000, 0x00000000eab00000)
  object space 109056K, 30% used [0x00000000c0000000,0x00000000c20e4440,0x00000000c6a80000)
 Metaspace       used 52401K, capacity 55210K, committed 57000K, reserved 1097728K
  class space    used 6931K, capacity 7460K, committed 7848K, reserved 1048576K
}
Event: 4465.532 GC heap before
{Heap before GC invocations=53 (full 19):
 PSYoungGen      total 214528K, used 124699K [0x00000000eab00000, 0x00000000f9b00000, 0x0000000100000000)
  eden space 210944K, 59% used [0x00000000eab00000,0x00000000f24c6ce0,0x00000000f7900000)
  from space 3584K, 0% used [0x00000000f7900000,0x00000000f7900000,0x00000000f7c80000)
  to   space 17408K, 0% used [0x00000000f8a00000,0x00000000f8a00000,0x00000000f9b00000)
 ParOldGen       total 109056K, used 33681K [0x00000000c0000000, 0x00000000c6a80000, 0x00000000eab00000)
  object space 109056K, 30% used [0x00000000c0000000,0x00000000c20e4440,0x00000000c6a80000)
 Metaspace       used 52482K, capacity 55210K, committed 57000K, reserved 1097728K
  class space    used 6933K, capacity 7460K, committed 7848K, reserved 1048576K
Event: 4465.538 GC heap after
Heap after GC invocations=53 (full 19):
 PSYoungGen      total 227328K, used 3415K [0x00000000eab00000, 0x00000000f9a00000, 0x0000000100000000)
  eden space 210944K, 0% used [0x00000000eab00000,0x00000000eab00000,0x00000000f7900000)
  from space 16384K, 20% used [0x00000000f8a00000,0x00000000f8d55eb0,0x00000000f9a00000)
  to   space 16896K, 0% used [0x00000000f7900000,0x00000000f7900000,0x00000000f8980000)
 ParOldGen       total 109056K, used 33681K [0x00000000c0000000, 0x00000000c6a80000, 0x00000000eab00000)
  object space 109056K, 30% used [0x00000000c0000000,0x00000000c20e4440,0x00000000c6a80000)
 Metaspace       used 52482K, capacity 55210K, committed 57000K, reserved 1097728K
  class space    used 6933K, capacity 7460K, committed 7848K, reserved 1048576K
}
Event: 4465.538 GC heap before
{Heap before GC invocations=54 (full 20):
 PSYoungGen      total 227328K, used 3415K [0x00000000eab00000, 0x00000000f9a00000, 0x0000000100000000)
  eden space 210944K, 0% used [0x00000000eab00000,0x00000000eab00000,0x00000000f7900000)
  from space 16384K, 20% used [0x00000000f8a00000,0x00000000f8d55eb0,0x00000000f9a00000)
  to   space 16896K, 0% used [0x00000000f7900000,0x00000000f7900000,0x00000000f8980000)
 ParOldGen       total 109056K, used 33681K [0x00000000c0000000, 0x00000000c6a80000, 0x00000000eab00000)
  object space 109056K, 30% used [0x00000000c0000000,0x00000000c20e4440,0x00000000c6a80000)
 Metaspace       used 52482K, capacity 55210K, committed 57000K, reserved 1097728K
  class space    used 6933K, capacity 7460K, committed 7848K, reserved 1048576K
Event: 4465.741 GC heap after
Heap after GC invocations=54 (full 20):
 PSYoungGen      total 227328K, used 0K [0x00000000eab00000, 0x00000000f9a00000, 0x0000000100000000)
  eden space 210944K, 0% used [0x00000000eab00000,0x00000000eab00000,0x00000000f7900000)
  from space 16384K, 0% used [0x00000000f8a00000,0x00000000f8a00000,0x00000000f9a00000)
  to   space 16896K, 0% used [0x00000000f7900000,0x00000000f7900000,0x00000000f8980000)
 ParOldGen       total 109056K, used 33718K [0x00000000c0000000, 0x00000000c6a80000, 0x00000000eab00000)
  object space 109056K, 30% used [0x00000000c0000000,0x00000000c20ed9c0,0x00000000c6a80000)
 Metaspace       used 52482K, capacity 55210K, committed 57000K, reserved 1097728K
  class space    used 6933K, capacity 7460K, committed 7848K, reserved 1048576K
}

